
> material-informatics-authority-site@0.1.0 build
> cross-env NODE_ENV=production next build

   ▲ Next.js 15.5.12
   - Environments: .env.local

   Creating an optimized production build ...
Failed to compile.

./app/contact/page.tsx
Error:   [31mx[0m `ssr: false` is not allowed with `next/dynamic` in Server Components. Please move it into a Client Component.
   ,-[[36;1;4mC:\PortfolioWebsite\app\contact\page.tsx[0m:6:1]
 [2m3[0m | import dynamic from "next/dynamic";
 [2m4[0m | import { Reveal } from "@/components/ui/reveal";
 [2m5[0m | 
 [2m6[0m | const ContactForm = dynamic(() => import("@/components/forms/contact-form").then((m) => m.ContactForm), { ssr: false });
   : [35;1m                    ^^^^^^^^^^^^^^^^^^^^^^^^^^^^^^^^^^^^^^^^^^^^^^^^^^^^^^^^^^^^^^^^^^^^^^^^^^^^^^^^^^^^^^^^^^^^^^^^^^^[0m
 [2m7[0m | 
 [2m8[0m | export const metadata: Metadata = {
 [2m9[0m |   title: "Contact",
   `----

Import trace for requested module:
./app/contact/page.tsx

./app/studio/[[...tool]]/page.tsx
Error:   [31mx[0m `ssr: false` is not allowed with `next/dynamic` in Server Components. Please move it into a Client Component.
    ,-[[36;1;4mC:\PortfolioWebsite\app\studio\[[...tool]]\page.tsx[0m:5:1]
 [2m 2[0m |     
 [2m 3[0m |     import dynamic from "next/dynamic";
 [2m 4[0m |     
 [2m 5[0m | [35;1m,[0m[35;1m-[0m[35;1m>[0m const StudioClient = dynamic(
 [2m 6[0m | [35;1m|[0m     () => import("@/components/studio/studio-client").then((mod) => mod.StudioClient),
 [2m 7[0m | [35;1m|[0m     { ssr: false }
 [2m 8[0m | [35;1m`[0m[35;1m-[0m[35;1m>[0m );
 [2m 9[0m |     import { hasValidSanityProjectId } from "@/lib/sanity/env";
 [2m10[0m |     
 [2m11[0m |     export const metadata: Metadata = {
    `----

Import trace for requested module:
./app/studio/[[...tool]]/page.tsx


> Build failed because of webpack errors
